20:37:15.672 [main] INFO  testCases.TC_001_AccountRegistrationTest - ***  Starting TC_001_AccountRegistrationTest ***
20:37:16.683 [main] INFO  testCases.TC_001_AccountRegistrationTest - Clicked on register link
20:37:16.726 [main] INFO  testCases.TC_001_AccountRegistrationTest - Providing customer data
20:37:28.791 [main] ERROR testCases.TC_001_AccountRegistrationTest - test failed
20:58:41.876 [main] ERROR testCases.TC_02_Login - test failed
21:09:05.300 [main] ERROR testCases.TC_02_Login - test failed
21:09:20.376 [main] INFO  testCases.TC_001_AccountRegistrationTest - ***  Starting TC_001_AccountRegistrationTest ***
21:09:21.317 [main] INFO  testCases.TC_001_AccountRegistrationTest - Clicked on register link
21:09:21.343 [main] INFO  testCases.TC_001_AccountRegistrationTest - Providing customer data
21:09:33.719 [main] ERROR testCases.TC_001_AccountRegistrationTest - test failed
02:10:12.853 [main] ERROR testCases.TC_02_Login - test failed
02:10:21.839 [main] INFO  testCases.TC_001_AccountRegistrationTest - ***  Starting TC_001_AccountRegistrationTest ***
02:10:23.180 [main] INFO  testCases.TC_001_AccountRegistrationTest - Clicked on register link
02:10:23.299 [main] INFO  testCases.TC_001_AccountRegistrationTest - Providing customer data
02:10:34.767 [main] ERROR testCases.TC_001_AccountRegistrationTest - test failed
02:12:14.407 [main] ERROR testCases.TC_02_Login - test failed
02:12:26.898 [main] INFO  testCases.TC_001_AccountRegistrationTest - ***  Starting TC_001_AccountRegistrationTest ***
02:12:27.378 [main] INFO  testCases.TC_001_AccountRegistrationTest - Clicked on register link
02:12:27.389 [main] INFO  testCases.TC_001_AccountRegistrationTest - Providing customer data
02:12:38.498 [main] ERROR testCases.TC_001_AccountRegistrationTest - test failed

03:27:55.015 [TestNG-tests-1] INFO  testCases.TC_001_AccountRegistrationTest - ***  Starting TC_001_AccountRegistrationTest ***
03:27:57.318 [TestNG-tests-1] INFO  testCases.TC_001_AccountRegistrationTest - Clicked on register link
03:27:57.330 [TestNG-tests-1] INFO  testCases.TC_001_AccountRegistrationTest - Providing customer data
03:28:08.507 [TestNG-tests-1] ERROR testCases.TC_001_AccountRegistrationTest - test failed
03:31:41.414 [TestNG-tests-1] INFO  testCases.TC_001_AccountRegistrationTest - ***  Starting TC_001_AccountRegistrationTest ***
03:31:42.372 [TestNG-tests-1] INFO  testCases.TC_001_AccountRegistrationTest - Clicked on register link
03:31:42.376 [TestNG-tests-1] INFO  testCases.TC_001_AccountRegistrationTest - Providing customer data
03:31:54.387 [TestNG-tests-1] ERROR testCases.TC_001_AccountRegistrationTest - test failed
03:34:19.815 [TestNG-tests-1] INFO  testCases.TC_001_AccountRegistrationTest - ***  Starting TC_001_AccountRegistrationTest ***
03:34:20.416 [TestNG-tests-1] INFO  testCases.TC_001_AccountRegistrationTest - Clicked on register link
03:34:20.421 [TestNG-tests-1] INFO  testCases.TC_001_AccountRegistrationTest - Providing customer data
03:34:31.549 [TestNG-tests-1] ERROR testCases.TC_001_AccountRegistrationTest - test failed
03:37:20.124 [TestNG-tests-1] INFO  testCases.TC_001_AccountRegistrationTest - ***  Starting TC_001_AccountRegistrationTest ***
03:37:20.991 [TestNG-tests-1] INFO  testCases.TC_001_AccountRegistrationTest - Clicked on register link
03:37:20.996 [TestNG-tests-1] INFO  testCases.TC_001_AccountRegistrationTest - Providing customer data
03:37:25.059 [TestNG-tests-1] ERROR testCases.TC_001_AccountRegistrationTest - test failed
03:40:57.254 [TestNG-tests-1] INFO  testCases.TC_001_AccountRegistrationTest - ***  Starting TC_001_AccountRegistrationTest ***
03:40:58.264 [TestNG-tests-1] INFO  testCases.TC_001_AccountRegistrationTest - Clicked on register link
03:40:58.269 [TestNG-tests-1] INFO  testCases.TC_001_AccountRegistrationTest - Providing customer data
03:41:09.678 [TestNG-tests-2] INFO  testCases.TC_001_AccountRegistrationTest - ***  Starting TC_001_AccountRegistrationTest ***
03:41:10.555 [TestNG-tests-1] ERROR testCases.TC_001_AccountRegistrationTest - test failed
03:41:10.732 [TestNG-tests-2] INFO  testCases.TC_001_AccountRegistrationTest - Clicked on register link
03:41:10.740 [TestNG-tests-2] INFO  testCases.TC_001_AccountRegistrationTest - Providing customer data
03:41:24.146 [TestNG-tests-2] ERROR testCases.TC_001_AccountRegistrationTest - test failed
04:18:08.502 [TestNG-tests-1] INFO  testCases.TC_001_AccountRegistrationTest - ***  Starting TC_001_AccountRegistrationTest ***
04:18:09.168 [TestNG-tests-2] INFO  testCases.TC_001_AccountRegistrationTest - ***  Starting TC_001_AccountRegistrationTest ***
04:18:10.618 [TestNG-tests-1] INFO  testCases.TC_001_AccountRegistrationTest - Clicked on register link
04:18:10.628 [TestNG-tests-1] INFO  testCases.TC_001_AccountRegistrationTest - Providing customer data
04:18:11.468 [TestNG-tests-2] INFO  testCases.TC_001_AccountRegistrationTest - Clicked on register link
04:18:11.473 [TestNG-tests-2] INFO  testCases.TC_001_AccountRegistrationTest - Providing customer data
04:18:23.124 [TestNG-tests-1] ERROR testCases.TC_001_AccountRegistrationTest - test failed
04:18:23.337 [TestNG-tests-2] ERROR testCases.TC_001_AccountRegistrationTest - test failed
05:34:33.797 [main] INFO  testCases.TC_001_AccountRegistrationTest - ***  Starting TC_001_AccountRegistrationTest ***
05:34:34.363 [main] INFO  testCases.TC_001_AccountRegistrationTest - Clicked on register link
05:34:34.366 [main] INFO  testCases.TC_001_AccountRegistrationTest - Providing customer data
05:34:45.436 [main] ERROR testCases.TC_001_AccountRegistrationTest - test failed
05:37:00.327 [main] INFO  testCases.TC_001_AccountRegistrationTest - ***  Starting TC_001_AccountRegistrationTest ***
05:37:00.992 [main] INFO  testCases.TC_001_AccountRegistrationTest - Clicked on register link
05:37:00.996 [main] INFO  testCases.TC_001_AccountRegistrationTest - Providing customer data
05:37:12.259 [main] ERROR testCases.TC_001_AccountRegistrationTest - test failed
05:40:17.451 [main] INFO  testCases.TC_001_AccountRegistrationTest - ***  Starting TC_001_AccountRegistrationTest ***
05:40:18.014 [main] INFO  testCases.TC_001_AccountRegistrationTest - Clicked on register link
05:40:18.026 [main] INFO  testCases.TC_001_AccountRegistrationTest - Providing customer data
05:40:29.338 [main] ERROR testCases.TC_001_AccountRegistrationTest - test failed
10:55:46.662 [main] INFO  testCases.TC_002_LoginTest - Starting TC_002_LoginTest
10:59:20.334 [main] INFO  testCases.TC_002_LoginTest - Starting TC_002_LoginTest
12:31:03.046 [main] INFO  testCases.TC_002_LoginTest - Starting TC_002_LoginTest
12:41:03.552 [main] INFO  testCases.TC_003_LoginDataDrivenTest -  Starting TC_003_LoginDataDrivenTest 
12:41:23.768 [main] INFO  testCases.TC_003_LoginDataDrivenTest -  Finished TC_003_LoginDataDrivenTest
12:41:23.809 [main] INFO  testCases.TC_003_LoginDataDrivenTest -  Starting TC_003_LoginDataDrivenTest 
12:41:44.585 [main] INFO  testCases.TC_003_LoginDataDrivenTest -  Finished TC_003_LoginDataDrivenTest
12:41:44.591 [main] INFO  testCases.TC_003_LoginDataDrivenTest -  Starting TC_003_LoginDataDrivenTest 
12:42:03.906 [main] INFO  testCases.TC_003_LoginDataDrivenTest -  Finished TC_003_LoginDataDrivenTest
12:42:03.910 [main] INFO  testCases.TC_003_LoginDataDrivenTest -  Starting TC_003_LoginDataDrivenTest 
15:34:37.171 [TestNG-tests-2] INFO  testCases.TC_001_AccountRegistrationTest - ***  Starting TC_001_AccountRegistrationTest ***
15:34:40.167 [TestNG-tests-2] INFO  testCases.TC_001_AccountRegistrationTest - Clicked on register link
15:34:40.182 [TestNG-tests-1] INFO  testCases.TC_001_AccountRegistrationTest - ***  Starting TC_001_AccountRegistrationTest ***
15:34:40.252 [TestNG-tests-2] INFO  testCases.TC_001_AccountRegistrationTest - Providing customer data
15:34:40.722 [TestNG-tests-1] INFO  testCases.TC_001_AccountRegistrationTest - Clicked on register link
15:34:40.725 [TestNG-tests-1] INFO  testCases.TC_001_AccountRegistrationTest - Providing customer data
15:34:52.846 [TestNG-tests-1] ERROR testCases.TC_001_AccountRegistrationTest - test failed
15:35:02.843 [TestNG-tests-2] ERROR testCases.TC_001_AccountRegistrationTest - test failed
16:49:04.238 [main] INFO  testCases.TC_003_LoginDataDrivenTest -  Starting TC_003_LoginDataDrivenTest 
16:49:29.378 [main] INFO  testCases.TC_003_LoginDataDrivenTest -  Finished TC_003_LoginDataDrivenTest
16:49:29.431 [main] INFO  testCases.TC_003_LoginDataDrivenTest -  Starting TC_003_LoginDataDrivenTest 
16:49:51.042 [main] INFO  testCases.TC_003_LoginDataDrivenTest -  Finished TC_003_LoginDataDrivenTest
16:49:51.055 [main] INFO  testCases.TC_003_LoginDataDrivenTest -  Starting TC_003_LoginDataDrivenTest 
16:50:15.857 [main] INFO  testCases.TC_003_LoginDataDrivenTest -  Finished TC_003_LoginDataDrivenTest
16:50:15.861 [main] INFO  testCases.TC_003_LoginDataDrivenTest -  Starting TC_003_LoginDataDrivenTest 
16:50:25.331 [main] INFO  testCases.TC_001_AccountRegistrationTest - ***  Starting TC_001_AccountRegistrationTest ***
16:50:26.687 [main] INFO  testCases.TC_001_AccountRegistrationTest - Clicked on register link
16:50:26.705 [main] INFO  testCases.TC_001_AccountRegistrationTest - Providing customer data
16:50:39.902 [main] ERROR testCases.TC_001_AccountRegistrationTest - test failed
16:55:28.928 [main] INFO  testCases.TC_001_AccountRegistrationTest - ***  Starting TC_001_AccountRegistrationTest ***
16:55:30.161 [main] INFO  testCases.TC_001_AccountRegistrationTest - Clicked on register link
16:55:30.177 [main] INFO  testCases.TC_001_AccountRegistrationTest - Providing customer data
16:55:42.111 [main] ERROR testCases.TC_001_AccountRegistrationTest - test failed
16:55:50.143 [main] INFO  testCases.TC_002_LoginTest - Starting TC_002_LoginTest
16:56:30.458 [main] INFO  testCases.TC_003_LoginDataDrivenTest -  Starting TC_003_LoginDataDrivenTest 
16:56:48.639 [main] INFO  testCases.TC_003_LoginDataDrivenTest -  Finished TC_003_LoginDataDrivenTest
16:56:48.647 [main] INFO  testCases.TC_003_LoginDataDrivenTest -  Starting TC_003_LoginDataDrivenTest 
16:57:10.788 [main] INFO  testCases.TC_003_LoginDataDrivenTest -  Finished TC_003_LoginDataDrivenTest
16:57:10.794 [main] INFO  testCases.TC_003_LoginDataDrivenTest -  Starting TC_003_LoginDataDrivenTest 
16:57:31.402 [main] INFO  testCases.TC_003_LoginDataDrivenTest -  Finished TC_003_LoginDataDrivenTest
16:57:31.409 [main] INFO  testCases.TC_003_LoginDataDrivenTest -  Starting TC_003_LoginDataDrivenTest 
15:54:26.453 [main] INFO  testCases.TC_002_LoginTest - Starting TC_002_LoginTest
15:57:36.689 [main] INFO  testCases.TC_002_LoginTest - Starting TC_002_LoginTest
16:04:39.119 [main] INFO  testCases.TC_002_LoginTest - Starting TC_002_LoginTest
16:08:55.885 [main] INFO  testCases.TC_002_LoginTest - Starting TC_002_LoginTest
16:11:14.475 [main] INFO  testCases.TC_002_LoginTest - Starting TC_002_LoginTest
17:01:57.861 [main] INFO  testCases.TC_002_LoginTest - Starting TC_002_LoginTest
20:49:38.102 [main] INFO  testCases.TC_002_LoginTest - Starting TC_002_LoginTest
20:49:55.235 [main] INFO  testCases.TC_002_LoginTest -  Finished TC_002_LoginTest
